C:\USERS\PIERRE ZEMB\DROPBOX\GITHUB\JEUX DE JONGLES VISUAL STUDIO\JEUX DE JONGLES VISUAL STUDIO\DEBUG\BALLON.OBJ
C:\Users\Pierre Zemb\Dropbox\GitHub\Jeux de Jongles Visual Studio\Jeux de Jongles Visual Studio\Debug\cl.command.1.tlog
C:\Users\Pierre Zemb\Dropbox\GitHub\Jeux de Jongles Visual Studio\Jeux de Jongles Visual Studio\Debug\CL.read.1.tlog
C:\Users\Pierre Zemb\Dropbox\GitHub\Jeux de Jongles Visual Studio\Jeux de Jongles Visual Studio\Debug\CL.write.1.tlog
C:\Users\Pierre Zemb\Dropbox\GitHub\Jeux de Jongles Visual Studio\Jeux de Jongles Visual Studio\Debug\custombuild.command.1.tlog
C:\Users\Pierre Zemb\Dropbox\GitHub\Jeux de Jongles Visual Studio\Jeux de Jongles Visual Studio\Debug\custombuild.read.1.tlog
C:\Users\Pierre Zemb\Dropbox\GitHub\Jeux de Jongles Visual Studio\Jeux de Jongles Visual Studio\Debug\custombuild.write.1.tlog
C:\USERS\PIERRE ZEMB\DROPBOX\GITHUB\JEUX DE JONGLES VISUAL STUDIO\JEUX DE JONGLES VISUAL STUDIO\DEBUG\FENETRE.OBJ
C:\USERS\PIERRE ZEMB\DROPBOX\GITHUB\JEUX DE JONGLES VISUAL STUDIO\JEUX DE JONGLES VISUAL STUDIO\DEBUG\JEUX DE JONGLES VISUAL STUDIO.EXE.INTERMEDIATE.MANIFEST
C:\USERS\PIERRE ZEMB\DROPBOX\GITHUB\JEUX DE JONGLES VISUAL STUDIO\JEUX DE JONGLES VISUAL STUDIO\DEBUG\JEUX DE JONGLES VISUAL STUDIO.RES
C:\Users\Pierre Zemb\Dropbox\GitHub\Jeux de Jongles Visual Studio\Jeux de Jongles Visual Studio\Debug\Jeux de Jongles Visual Studio.write.1.tlog
C:\Users\Pierre Zemb\Dropbox\GitHub\Jeux de Jongles Visual Studio\Jeux de Jongles Visual Studio\Debug\link.command.1.tlog
C:\Users\Pierre Zemb\Dropbox\GitHub\Jeux de Jongles Visual Studio\Jeux de Jongles Visual Studio\Debug\link.read.1.tlog
C:\Users\Pierre Zemb\Dropbox\GitHub\Jeux de Jongles Visual Studio\Jeux de Jongles Visual Studio\Debug\link.write.1.tlog
C:\Users\Pierre Zemb\Dropbox\GitHub\Jeux de Jongles Visual Studio\Jeux de Jongles Visual Studio\Debug\link-cvtres.read.1.tlog
C:\Users\Pierre Zemb\Dropbox\GitHub\Jeux de Jongles Visual Studio\Jeux de Jongles Visual Studio\Debug\link-cvtres.write.1.tlog
C:\USERS\PIERRE ZEMB\DROPBOX\GITHUB\JEUX DE JONGLES VISUAL STUDIO\JEUX DE JONGLES VISUAL STUDIO\DEBUG\MAIN.OBJ
C:\USERS\PIERRE ZEMB\DROPBOX\GITHUB\JEUX DE JONGLES VISUAL STUDIO\JEUX DE JONGLES VISUAL STUDIO\DEBUG\MOC_FENETRE.OBJ
C:\Users\Pierre Zemb\Dropbox\GitHub\Jeux de Jongles Visual Studio\Jeux de Jongles Visual Studio\Debug\mt.command.1.tlog
C:\Users\Pierre Zemb\Dropbox\GitHub\Jeux de Jongles Visual Studio\Jeux de Jongles Visual Studio\Debug\mt.read.1.tlog
C:\Users\Pierre Zemb\Dropbox\GitHub\Jeux de Jongles Visual Studio\Jeux de Jongles Visual Studio\Debug\mt.write.1.tlog
C:\Users\Pierre Zemb\Dropbox\GitHub\Jeux de Jongles Visual Studio\Jeux de Jongles Visual Studio\Debug\rc.command.1.tlog
C:\Users\Pierre Zemb\Dropbox\GitHub\Jeux de Jongles Visual Studio\Jeux de Jongles Visual Studio\Debug\rc.read.1.tlog
C:\Users\Pierre Zemb\Dropbox\GitHub\Jeux de Jongles Visual Studio\Jeux de Jongles Visual Studio\Debug\rc.write.1.tlog
C:\USERS\PIERRE ZEMB\DROPBOX\GITHUB\JEUX DE JONGLES VISUAL STUDIO\JEUX DE JONGLES VISUAL STUDIO\DEBUG\TETE.OBJ
C:\Users\Pierre Zemb\Dropbox\GitHub\Jeux de Jongles Visual Studio\Jeux de Jongles Visual Studio\Debug\vc100.pdb
C:\USERS\PIERRE ZEMB\DROPBOX\GITHUB\JEUX DE JONGLES VISUAL STUDIO\JEUX DE JONGLES VISUAL STUDIO\GENERATEDFILES\DEBUG\MOC_FENETRE.CPP
C:\USERS\PIERRE ZEMB\DROPBOX\GITHUB\JEUX DE JONGLES VISUAL STUDIO\WIN32\DEBUG\JEUX DE JONGLES VISUAL STUDIO.EXE
C:\USERS\PIERRE ZEMB\DROPBOX\GITHUB\JEUX DE JONGLES VISUAL STUDIO\WIN32\DEBUG\JEUX DE JONGLES VISUAL STUDIO.ILK
C:\USERS\PIERRE ZEMB\DROPBOX\GITHUB\JEUX DE JONGLES VISUAL STUDIO\WIN32\DEBUG\JEUX DE JONGLES VISUAL STUDIO.PDB
